
> news-app-frontend@0.0.0 dev
> vite


  VITE v5.4.19  ready in 73 ms

  ➜  Local:   http://localhost:3000/
  ➜  Network: http://192.168.1.168:3000/
9:52:17 PM [vite] hmr update /src/components/ArticleCard.tsx, /src/index.css
9:52:18 PM [vite] hmr update /src/components/ArticleCard.tsx, /src/index.css
9:52:18 PM [vite] hmr update /src/components/ArticleCard.tsx, /src/index.css
9:56:39 PM [vite] hmr update /src/components/ArticleCard.tsx, /src/index.css
9:56:39 PM [vite] hmr update /src/components/ArticleCard.tsx, /src/index.css
9:57:13 PM [vite] hmr update /src/index.css
9:57:14 PM [vite] hmr update /src/index.css
9:57:30 PM [vite] hmr update /src/components/ArticleCard.tsx, /src/index.css
9:57:30 PM [vite] hmr update /src/components/ArticleCard.tsx, /src/index.css
9:57:31 PM [vite] hmr update /src/components/ArticleCard.tsx, /src/index.css
9:58:24 PM [vite] hmr update /src/components/ArticleCard.tsx, /src/index.css
9:58:25 PM [vite] hmr update /src/components/ArticleCard.tsx, /src/index.css
9:58:26 PM [vite] hmr update /src/components/ArticleCard.tsx, /src/index.css
10:00:08 PM [vite] page reload src/types/news.ts
10:00:09 PM [vite] page reload src/types/news.ts
10:00:23 PM [vite] hmr update /src/index.css, /src/App.tsx
10:00:24 PM [vite] hmr update /src/index.css, /src/App.tsx
10:02:15 PM [vite] hmr update /src/components/SwipeableCards.tsx, /src/index.css
10:02:16 PM [vite] hmr update /src/components/SwipeableCards.tsx, /src/index.css
10:15:44 PM [vite] hmr update /src/components/ArticleCard.tsx, /src/index.css
10:15:44 PM [vite] hmr update /src/components/ArticleCard.tsx, /src/index.css
10:19:25 PM [vite] hmr update /src/components/ArticleCard.tsx, /src/index.css
10:19:25 PM [vite] hmr update /src/components/ArticleCard.tsx, /src/index.css
10:19:40 PM [vite] hmr update /src/components/ArticleCard.tsx, /src/index.css
10:21:14 PM [vite] hmr update /src/components/ArticleCard.tsx, /src/index.css
10:21:15 PM [vite] hmr update /src/components/ArticleCard.tsx, /src/index.css
